<?xml version="1.0" encoding="UTF-8"?>
<!-- Generated by org.testng.reporters.JUnitReportReporter -->
<testsuite hostname="SPERF-3010-10" name="BootCamp.cleancode.TicketTest" tests="2" failures="0" timestamp="2 Jul 2015 02:37:17 GMT" time="0.075" errors="0">
  <testcase name="parkingHours_is_2_given_start_7_end_9" time="0.001" classname="BootCamp.cleancode.TicketTest"/>
  <testcase name="parkingHours_is_0_given_endtime_not_set" time="0.074" classname="BootCamp.cleancode.TicketTest"/>
</testsuite> <!-- BootCamp.cleancode.TicketTest -->
