<?xml version="1.0" encoding="UTF-8"?>
<!-- Generated by org.testng.reporters.JUnitReportReporter -->
<testsuite hostname="SPERF-3010-10" name="BootCamp.cleancode.ParkingLotTest" tests="7" failures="0" timestamp="2 Jul 2015 08:09:00 GMT" time="0.033" errors="0">
  <testcase name="failed_get_car_by_lotNumber" time="0.002" classname="BootCamp.cleancode.ParkingLotTest"/>
  <testcase name="success_get_car_by_carId" time="0.000" classname="BootCamp.cleancode.ParkingLotTest"/>
  <testcase name="available_parkinglot_should_be_97_after_park_3_cars" time="0.022" classname="BootCamp.cleancode.ParkingLotTest"/>
  <testcase name="return_null_given_0_available_when_get_car" time="0.001" classname="BootCamp.cleancode.ParkingLotTest"/>
  <testcase name="return_null_given_101_cars" time="0.006" classname="BootCamp.cleancode.ParkingLotTest"/>
  <testcase name="should_success_park_a_car" time="0.001" classname="BootCamp.cleancode.ParkingLotTest"/>
  <testcase name="success_get_car_by_lotNumber" time="0.001" classname="BootCamp.cleancode.ParkingLotTest"/>
</testsuite> <!-- BootCamp.cleancode.ParkingLotTest -->
