<?xml version="1.0" encoding="UTF-8"?>
<!-- Generated by org.testng.reporters.JUnitReportReporter -->
<testsuite hostname="SPERF-3010-10" name="BootCamp.cleancode.SmartParkingBoyTest" tests="1" failures="0" timestamp="10 Jul 2015 07:23:38 GMT" time="0.023" errors="0">
  <testcase name="sucess_store_car_to_most_empty_parklot" time="0.023" classname="BootCamp.cleancode.SmartParkingBoyTest"/>
</testsuite> <!-- BootCamp.cleancode.SmartParkingBoyTest -->
